c:\users\andre\desktop\fedotov-andrii-ki24\lab08\prj\modulesfedotov\x64\debug\modulesfedotov.pdb
c:\users\andre\desktop\fedotov-andrii-ki24\lab08\prj\modulesfedotov\x64\debug\modulesfedotov.idb
c:\users\andre\desktop\fedotov-andrii-ki24\lab08\prj\modulesfedotov\modulesfedotov\x64\debug\modulesfedotov.obj
c:\users\andre\desktop\fedotov-andrii-ki24\lab08\prj\modulesfedotov\x64\debug\modulesfedotov.lib
c:\users\andre\desktop\fedotov-andrii-ki24\lab08\prj\modulesfedotov\modulesfedotov\x64\debug\vc143.idb
c:\users\andre\desktop\fedotov-andrii-ki24\lab08\prj\modulesfedotov\modulesfedotov\x64\debug\vc143.pdb
c:\users\andre\desktop\fedotov-andrii-ki24\lab08\prj\modulesfedotov\modulesfedotov\x64\debug\modulesfedotov.tlog\cl.command.1.tlog
c:\users\andre\desktop\fedotov-andrii-ki24\lab08\prj\modulesfedotov\modulesfedotov\x64\debug\modulesfedotov.tlog\cl.items.tlog
c:\users\andre\desktop\fedotov-andrii-ki24\lab08\prj\modulesfedotov\modulesfedotov\x64\debug\modulesfedotov.tlog\cl.read.1.tlog
c:\users\andre\desktop\fedotov-andrii-ki24\lab08\prj\modulesfedotov\modulesfedotov\x64\debug\modulesfedotov.tlog\cl.write.1.tlog
c:\users\andre\desktop\fedotov-andrii-ki24\lab08\prj\modulesfedotov\modulesfedotov\x64\debug\modulesfedotov.tlog\lib-link.read.1.tlog
c:\users\andre\desktop\fedotov-andrii-ki24\lab08\prj\modulesfedotov\modulesfedotov\x64\debug\modulesfedotov.tlog\lib-link.write.1.tlog
c:\users\andre\desktop\fedotov-andrii-ki24\lab08\prj\modulesfedotov\modulesfedotov\x64\debug\modulesfedotov.tlog\lib.command.1.tlog
c:\users\andre\desktop\fedotov-andrii-ki24\lab08\prj\modulesfedotov\modulesfedotov\x64\debug\modulesfedotov.tlog\link-cvtres.read.1.tlog
c:\users\andre\desktop\fedotov-andrii-ki24\lab08\prj\modulesfedotov\modulesfedotov\x64\debug\modulesfedotov.tlog\link-cvtres.write.1.tlog
c:\users\andre\desktop\fedotov-andrii-ki24\lab08\prj\modulesfedotov\modulesfedotov\x64\debug\modulesfedotov.tlog\link-rc.read.1.tlog
c:\users\andre\desktop\fedotov-andrii-ki24\lab08\prj\modulesfedotov\modulesfedotov\x64\debug\modulesfedotov.tlog\link-rc.write.1.tlog
c:\users\andre\desktop\fedotov-andrii-ki24\lab08\prj\modulesfedotov\modulesfedotov\x64\debug\modulesfedotov.tlog\link.command.1.tlog
c:\users\andre\desktop\fedotov-andrii-ki24\lab08\prj\modulesfedotov\modulesfedotov\x64\debug\modulesfedotov.tlog\link.read.1.tlog
c:\users\andre\desktop\fedotov-andrii-ki24\lab08\prj\modulesfedotov\modulesfedotov\x64\debug\modulesfedotov.tlog\link.read.2.tlog
c:\users\andre\desktop\fedotov-andrii-ki24\lab08\prj\modulesfedotov\modulesfedotov\x64\debug\modulesfedotov.tlog\link.write.1.tlog
